<?xml version="1.0" encoding="UTF-8"?>
<coverage generated="1739549217112" clover="3.2.0">
  <project timestamp="1739549217112" name="All files">
    <metrics statements="52" coveredstatements="52" conditionals="32" coveredconditionals="28" methods="16" coveredmethods="16" elements="100" coveredelements="96" complexity="0" loc="52" ncloc="52" packages="2" files="4" classes="4"/>
    <package name="BottomDrawer">
      <metrics statements="26" coveredstatements="26" conditionals="16" coveredconditionals="14" methods="8" coveredmethods="8"/>
      <file name="BottomDrawer.tsx" path="/Users/alanarias/Desktop/Coding Projects/ChickletUIComponentLibrary/chicklet-ui-component-library/src/components/Drawer/BottomDrawer/BottomDrawer.tsx">
        <metrics statements="24" coveredstatements="24" conditionals="16" coveredconditionals="14" methods="7" coveredmethods="7"/>
        <line num="3" count="1" type="stmt"/>
        <line num="4" count="1" type="stmt"/>
        <line num="6" count="1" type="stmt"/>
        <line num="18" count="1" type="stmt"/>
        <line num="27" count="6" type="stmt"/>
        <line num="28" count="6" type="cond" truecount="0" falsecount="1"/>
        <line num="30" count="6" type="cond" truecount="2" falsecount="0"/>
        <line num="31" count="5" type="stmt"/>
        <line num="33" count="1" type="stmt"/>
        <line num="36" count="6" type="stmt"/>
        <line num="37" count="6" type="stmt"/>
        <line num="41" count="6" type="stmt"/>
        <line num="42" count="6" type="cond" truecount="3" falsecount="0"/>
        <line num="44" count="5" type="stmt"/>
        <line num="45" count="1" type="cond" truecount="1" falsecount="0"/>
        <line num="46" count="1" type="stmt"/>
        <line num="50" count="5" type="stmt"/>
        <line num="52" count="5" type="stmt"/>
        <line num="53" count="5" type="stmt"/>
        <line num="57" count="6" type="stmt"/>
        <line num="63" count="6" type="stmt"/>
        <line num="69" count="6" type="stmt"/>
        <line num="97" count="1" type="stmt"/>
        <line num="121" count="1" type="stmt"/>
      </file>
      <file name="index.ts" path="/Users/alanarias/Desktop/Coding Projects/ChickletUIComponentLibrary/chicklet-ui-component-library/src/components/Drawer/BottomDrawer/index.ts">
        <metrics statements="2" coveredstatements="2" conditionals="0" coveredconditionals="0" methods="1" coveredmethods="1"/>
        <line num="1" count="7" type="stmt"/>
        <line num="2" count="1" type="stmt"/>
      </file>
    </package>
    <package name="TopDrawer">
      <metrics statements="26" coveredstatements="26" conditionals="16" coveredconditionals="14" methods="8" coveredmethods="8"/>
      <file name="TopDrawer.tsx" path="/Users/alanarias/Desktop/Coding Projects/ChickletUIComponentLibrary/chicklet-ui-component-library/src/components/Drawer/TopDrawer/TopDrawer.tsx">
        <metrics statements="24" coveredstatements="24" conditionals="16" coveredconditionals="14" methods="7" coveredmethods="7"/>
        <line num="3" count="1" type="stmt"/>
        <line num="4" count="1" type="stmt"/>
        <line num="6" count="1" type="stmt"/>
        <line num="18" count="1" type="stmt"/>
        <line num="27" count="6" type="stmt"/>
        <line num="28" count="6" type="cond" truecount="0" falsecount="1"/>
        <line num="30" count="6" type="cond" truecount="2" falsecount="0"/>
        <line num="31" count="5" type="stmt"/>
        <line num="33" count="1" type="stmt"/>
        <line num="36" count="6" type="stmt"/>
        <line num="37" count="6" type="stmt"/>
        <line num="42" count="6" type="stmt"/>
        <line num="43" count="6" type="cond" truecount="3" falsecount="0"/>
        <line num="45" count="5" type="stmt"/>
        <line num="46" count="1" type="cond" truecount="1" falsecount="0"/>
        <line num="47" count="1" type="stmt"/>
        <line num="51" count="5" type="stmt"/>
        <line num="52" count="5" type="stmt"/>
        <line num="53" count="5" type="stmt"/>
        <line num="57" count="6" type="stmt"/>
        <line num="63" count="6" type="stmt"/>
        <line num="69" count="6" type="stmt"/>
        <line num="97" count="1" type="stmt"/>
        <line num="121" count="1" type="stmt"/>
      </file>
      <file name="index.ts" path="/Users/alanarias/Desktop/Coding Projects/ChickletUIComponentLibrary/chicklet-ui-component-library/src/components/Drawer/TopDrawer/index.ts">
        <metrics statements="2" coveredstatements="2" conditionals="0" coveredconditionals="0" methods="1" coveredmethods="1"/>
        <line num="1" count="7" type="stmt"/>
        <line num="2" count="1" type="stmt"/>
      </file>
    </package>
  </project>
</coverage>
