<?xml version="1.0" encoding="UTF-8"?>
<coverage generated="1739381054751" clover="3.2.0">
  <project timestamp="1739381054752" name="All files">
    <metrics statements="26" coveredstatements="26" conditionals="16" coveredconditionals="14" methods="8" coveredmethods="8" elements="50" coveredelements="48" complexity="0" loc="26" ncloc="26" packages="1" files="2" classes="2"/>
    <file name="BottomDrawer.tsx" path="/Users/alanarias/Desktop/Coding Projects/ChickletUIComponentLibrary/chicklet-ui-component-libary/src/components/Drawer/BottomDrawer/BottomDrawer.tsx">
      <metrics statements="24" coveredstatements="24" conditionals="16" coveredconditionals="14" methods="7" coveredmethods="7"/>
      <line num="1" count="1" type="stmt"/>
      <line num="2" count="1" type="stmt"/>
      <line num="4" count="1" type="stmt"/>
      <line num="16" count="1" type="stmt"/>
      <line num="25" count="6" type="stmt"/>
      <line num="26" count="6" type="cond" truecount="0" falsecount="1"/>
      <line num="28" count="6" type="cond" truecount="2" falsecount="0"/>
      <line num="29" count="5" type="stmt"/>
      <line num="31" count="1" type="stmt"/>
      <line num="34" count="6" type="stmt"/>
      <line num="35" count="6" type="stmt"/>
      <line num="39" count="6" type="stmt"/>
      <line num="40" count="6" type="cond" truecount="3" falsecount="0"/>
      <line num="42" count="5" type="stmt"/>
      <line num="43" count="1" type="cond" truecount="1" falsecount="0"/>
      <line num="44" count="1" type="stmt"/>
      <line num="48" count="5" type="stmt"/>
      <line num="50" count="5" type="stmt"/>
      <line num="51" count="5" type="stmt"/>
      <line num="56" count="6" type="stmt"/>
      <line num="62" count="6" type="stmt"/>
      <line num="68" count="6" type="stmt"/>
      <line num="97" count="1" type="stmt"/>
      <line num="121" count="1" type="stmt"/>
    </file>
    <file name="index.ts" path="/Users/alanarias/Desktop/Coding Projects/ChickletUIComponentLibrary/chicklet-ui-component-libary/src/components/Drawer/BottomDrawer/index.ts">
      <metrics statements="2" coveredstatements="2" conditionals="0" coveredconditionals="0" methods="1" coveredmethods="1"/>
      <line num="1" count="7" type="stmt"/>
      <line num="2" count="1" type="stmt"/>
    </file>
  </project>
</coverage>
