{"/Users/alanarias/Desktop/Coding Projects/ChickletUIComponentLibrary/chicklet-ui-component-library/src/components/Drawer/BottomDrawer/BottomDrawer.tsx": {"path":"/Users/alanarias/Desktop/Coding Projects/ChickletUIComponentLibrary/chicklet-ui-component-library/src/components/Drawer/BottomDrawer/BottomDrawer.tsx","statementMap":{"0":{"start":{"line":3,"column":0},"end":{"line":3,"column":41}},"1":{"start":{"line":4,"column":0},"end":{"line":4,"column":56}},"2":{"start":{"line":6,"column":18},"end":{"line":6,"column":47}},"3":{"start":{"line":18,"column":50},"end":{"line":119,"column":1}},"4":{"start":{"line":27,"column":2},"end":{"line":39,"column":15}},"5":{"start":{"line":28,"column":4},"end":{"line":28,"column":27}},"6":{"start":{"line":28,"column":20},"end":{"line":28,"column":27}},"7":{"start":{"line":30,"column":4},"end":{"line":34,"column":5}},"8":{"start":{"line":31,"column":6},"end":{"line":31,"column":46}},"9":{"start":{"line":33,"column":6},"end":{"line":33,"column":40}},"10":{"start":{"line":36,"column":4},"end":{"line":38,"column":6}},"11":{"start":{"line":37,"column":6},"end":{"line":37,"column":40}},"12":{"start":{"line":41,"column":2},"end":{"line":55,"column":24}},"13":{"start":{"line":42,"column":4},"end":{"line":42,"column":38}},"14":{"start":{"line":42,"column":31},"end":{"line":42,"column":38}},"15":{"start":{"line":44,"column":26},"end":{"line":48,"column":5}},"16":{"start":{"line":45,"column":6},"end":{"line":47,"column":7}},"17":{"start":{"line":46,"column":8},"end":{"line":46,"column":18}},"18":{"start":{"line":50,"column":4},"end":{"line":50,"column":54}},"19":{"start":{"line":52,"column":4},"end":{"line":54,"column":6}},"20":{"start":{"line":53,"column":6},"end":{"line":53,"column":59}},"21":{"start":{"line":57,"column":26},"end":{"line":61,"column":4}},"22":{"start":{"line":63,"column":25},"end":{"line":67,"column":4}},"23":{"start":{"line":69,"column":2},"end":{"line":118,"column":4}},"24":{"start":{"line":97,"column":28},"end":{"line":97,"column":47}},"25":{"start":{"line":121,"column":0},"end":{"line":121,"column":28}}},"fnMap":{"0":{"name":"(anonymous_0)","decl":{"start":{"line":18,"column":50},"end":{"line":18,"column":51}},"loc":{"start":{"line":26,"column":5},"end":{"line":119,"column":1}}},"1":{"name":"(anonymous_1)","decl":{"start":{"line":27,"column":12},"end":{"line":27,"column":15}},"loc":{"start":{"line":27,"column":17},"end":{"line":39,"column":3}}},"2":{"name":"(anonymous_2)","decl":{"start":{"line":36,"column":11},"end":{"line":36,"column":14}},"loc":{"start":{"line":36,"column":16},"end":{"line":38,"column":5}}},"3":{"name":"(anonymous_3)","decl":{"start":{"line":41,"column":12},"end":{"line":41,"column":15}},"loc":{"start":{"line":41,"column":17},"end":{"line":55,"column":3}}},"4":{"name":"(anonymous_4)","decl":{"start":{"line":44,"column":26},"end":{"line":44,"column":27}},"loc":{"start":{"line":44,"column":47},"end":{"line":48,"column":5}}},"5":{"name":"(anonymous_5)","decl":{"start":{"line":52,"column":11},"end":{"line":52,"column":14}},"loc":{"start":{"line":52,"column":16},"end":{"line":54,"column":5}}},"6":{"name":"(anonymous_6)","decl":{"start":{"line":97,"column":21},"end":{"line":97,"column":22}},"loc":{"start":{"line":97,"column":28},"end":{"line":97,"column":47}}}},"branchMap":{"0":{"loc":{"start":{"line":21,"column":2},"end":{"line":21,"column":18}},"type":"default-arg","locations":[{"start":{"line":21,"column":11},"end":{"line":21,"column":18}}]},"1":{"loc":{"start":{"line":22,"column":2},"end":{"line":22,"column":30}},"type":"default-arg","locations":[{"start":{"line":22,"column":17},"end":{"line":22,"column":30}}]},"2":{"loc":{"start":{"line":23,"column":2},"end":{"line":23,"column":26}},"type":"default-arg","locations":[{"start":{"line":23,"column":16},"end":{"line":23,"column":26}}]},"3":{"loc":{"start":{"line":28,"column":4},"end":{"line":28,"column":27}},"type":"if","locations":[{"start":{"line":28,"column":4},"end":{"line":28,"column":27}}]},"4":{"loc":{"start":{"line":30,"column":4},"end":{"line":34,"column":5}},"type":"if","locations":[{"start":{"line":30,"column":4},"end":{"line":34,"column":5}},{"start":{"line":32,"column":11},"end":{"line":34,"column":5}}]},"5":{"loc":{"start":{"line":42,"column":4},"end":{"line":42,"column":38}},"type":"if","locations":[{"start":{"line":42,"column":4},"end":{"line":42,"column":38}}]},"6":{"loc":{"start":{"line":42,"column":8},"end":{"line":42,"column":29}},"type":"binary-expr","locations":[{"start":{"line":42,"column":8},"end":{"line":42,"column":18}},{"start":{"line":42,"column":22},"end":{"line":42,"column":29}}]},"7":{"loc":{"start":{"line":45,"column":6},"end":{"line":47,"column":7}},"type":"if","locations":[{"start":{"line":45,"column":6},"end":{"line":47,"column":7}}]},"8":{"loc":{"start":{"line":71,"column":7},"end":{"line":115,"column":null}},"type":"binary-expr","locations":[{"start":{"line":71,"column":7},"end":{"line":71,"column":13}},{"start":{"line":72,"column":8},"end":{"line":114,"column":null}}]},"9":{"loc":{"start":{"line":106,"column":17},"end":{"line":106,"column":35}},"type":"binary-expr","locations":[{"start":{"line":106,"column":17},"end":{"line":106,"column":28}},{"start":{"line":106,"column":32},"end":{"line":106,"column":35}}]},"10":{"loc":{"start":{"line":112,"column":15},"end":{"line":112,"column":61}},"type":"binary-expr","locations":[{"start":{"line":112,"column":15},"end":{"line":112,"column":23}},{"start":{"line":112,"column":27},"end":{"line":112,"column":61}}]}},"s":{"0":1,"1":1,"2":1,"3":1,"4":6,"5":6,"6":0,"7":6,"8":5,"9":1,"10":6,"11":6,"12":6,"13":6,"14":1,"15":5,"16":1,"17":1,"18":5,"19":5,"20":5,"21":6,"22":6,"23":6,"24":1,"25":1},"f":{"0":6,"1":6,"2":6,"3":6,"4":1,"5":5,"6":1},"b":{"0":[6],"1":[6],"2":[6],"3":[0],"4":[5,1],"5":[1],"6":[6,6],"7":[1],"8":[6,5],"9":[5,5],"10":[5,0]}}
,"/Users/alanarias/Desktop/Coding Projects/ChickletUIComponentLibrary/chicklet-ui-component-library/src/components/Drawer/BottomDrawer/index.ts": {"path":"/Users/alanarias/Desktop/Coding Projects/ChickletUIComponentLibrary/chicklet-ui-component-library/src/components/Drawer/BottomDrawer/index.ts","statementMap":{"0":{"start":{"line":1,"column":0},"end":{"line":1,"column":9}},"1":{"start":{"line":1,"column":9},"end":{"line":1,"column":41}},"2":{"start":{"line":2,"column":0},"end":{"line":2,"column":31}}},"fnMap":{"0":{"name":"(anonymous_5)","decl":{"start":{"line":1,"column":9},"end":{"line":1,"column":16}},"loc":{"start":{"line":1,"column":9},"end":{"line":1,"column":41}}}},"branchMap":{},"s":{"0":1,"1":7,"2":1},"f":{"0":6},"b":{}}
,"/Users/alanarias/Desktop/Coding Projects/ChickletUIComponentLibrary/chicklet-ui-component-library/src/components/Drawer/TopDrawer/TopDrawer.tsx": {"path":"/Users/alanarias/Desktop/Coding Projects/ChickletUIComponentLibrary/chicklet-ui-component-library/src/components/Drawer/TopDrawer/TopDrawer.tsx","statementMap":{"0":{"start":{"line":3,"column":0},"end":{"line":3,"column":41}},"1":{"start":{"line":4,"column":0},"end":{"line":4,"column":56}},"2":{"start":{"line":6,"column":18},"end":{"line":6,"column":47}},"3":{"start":{"line":18,"column":44},"end":{"line":119,"column":1}},"4":{"start":{"line":27,"column":2},"end":{"line":39,"column":15}},"5":{"start":{"line":28,"column":4},"end":{"line":28,"column":27}},"6":{"start":{"line":28,"column":20},"end":{"line":28,"column":27}},"7":{"start":{"line":30,"column":4},"end":{"line":34,"column":5}},"8":{"start":{"line":31,"column":6},"end":{"line":31,"column":46}},"9":{"start":{"line":33,"column":6},"end":{"line":33,"column":40}},"10":{"start":{"line":36,"column":4},"end":{"line":38,"column":6}},"11":{"start":{"line":37,"column":6},"end":{"line":37,"column":40}},"12":{"start":{"line":42,"column":2},"end":{"line":55,"column":24}},"13":{"start":{"line":43,"column":4},"end":{"line":43,"column":38}},"14":{"start":{"line":43,"column":31},"end":{"line":43,"column":38}},"15":{"start":{"line":45,"column":26},"end":{"line":49,"column":5}},"16":{"start":{"line":46,"column":6},"end":{"line":48,"column":7}},"17":{"start":{"line":47,"column":8},"end":{"line":47,"column":18}},"18":{"start":{"line":51,"column":4},"end":{"line":51,"column":54}},"19":{"start":{"line":52,"column":4},"end":{"line":54,"column":6}},"20":{"start":{"line":53,"column":6},"end":{"line":53,"column":59}},"21":{"start":{"line":57,"column":26},"end":{"line":61,"column":4}},"22":{"start":{"line":63,"column":25},"end":{"line":67,"column":4}},"23":{"start":{"line":69,"column":2},"end":{"line":118,"column":4}},"24":{"start":{"line":97,"column":28},"end":{"line":97,"column":47}},"25":{"start":{"line":121,"column":0},"end":{"line":121,"column":25}}},"fnMap":{"0":{"name":"(anonymous_0)","decl":{"start":{"line":18,"column":44},"end":{"line":18,"column":45}},"loc":{"start":{"line":26,"column":5},"end":{"line":119,"column":1}}},"1":{"name":"(anonymous_1)","decl":{"start":{"line":27,"column":12},"end":{"line":27,"column":15}},"loc":{"start":{"line":27,"column":17},"end":{"line":39,"column":3}}},"2":{"name":"(anonymous_2)","decl":{"start":{"line":36,"column":11},"end":{"line":36,"column":14}},"loc":{"start":{"line":36,"column":16},"end":{"line":38,"column":5}}},"3":{"name":"(anonymous_3)","decl":{"start":{"line":42,"column":12},"end":{"line":42,"column":15}},"loc":{"start":{"line":42,"column":17},"end":{"line":55,"column":3}}},"4":{"name":"(anonymous_4)","decl":{"start":{"line":45,"column":26},"end":{"line":45,"column":27}},"loc":{"start":{"line":45,"column":47},"end":{"line":49,"column":5}}},"5":{"name":"(anonymous_5)","decl":{"start":{"line":52,"column":11},"end":{"line":52,"column":14}},"loc":{"start":{"line":52,"column":16},"end":{"line":54,"column":5}}},"6":{"name":"(anonymous_6)","decl":{"start":{"line":97,"column":21},"end":{"line":97,"column":22}},"loc":{"start":{"line":97,"column":28},"end":{"line":97,"column":47}}}},"branchMap":{"0":{"loc":{"start":{"line":21,"column":2},"end":{"line":21,"column":18}},"type":"default-arg","locations":[{"start":{"line":21,"column":11},"end":{"line":21,"column":18}}]},"1":{"loc":{"start":{"line":22,"column":2},"end":{"line":22,"column":30}},"type":"default-arg","locations":[{"start":{"line":22,"column":17},"end":{"line":22,"column":30}}]},"2":{"loc":{"start":{"line":23,"column":2},"end":{"line":23,"column":26}},"type":"default-arg","locations":[{"start":{"line":23,"column":16},"end":{"line":23,"column":26}}]},"3":{"loc":{"start":{"line":28,"column":4},"end":{"line":28,"column":27}},"type":"if","locations":[{"start":{"line":28,"column":4},"end":{"line":28,"column":27}}]},"4":{"loc":{"start":{"line":30,"column":4},"end":{"line":34,"column":5}},"type":"if","locations":[{"start":{"line":30,"column":4},"end":{"line":34,"column":5}},{"start":{"line":32,"column":11},"end":{"line":34,"column":5}}]},"5":{"loc":{"start":{"line":43,"column":4},"end":{"line":43,"column":38}},"type":"if","locations":[{"start":{"line":43,"column":4},"end":{"line":43,"column":38}}]},"6":{"loc":{"start":{"line":43,"column":8},"end":{"line":43,"column":29}},"type":"binary-expr","locations":[{"start":{"line":43,"column":8},"end":{"line":43,"column":18}},{"start":{"line":43,"column":22},"end":{"line":43,"column":29}}]},"7":{"loc":{"start":{"line":46,"column":6},"end":{"line":48,"column":7}},"type":"if","locations":[{"start":{"line":46,"column":6},"end":{"line":48,"column":7}}]},"8":{"loc":{"start":{"line":71,"column":7},"end":{"line":115,"column":null}},"type":"binary-expr","locations":[{"start":{"line":71,"column":7},"end":{"line":71,"column":13}},{"start":{"line":72,"column":8},"end":{"line":114,"column":null}}]},"9":{"loc":{"start":{"line":106,"column":17},"end":{"line":106,"column":35}},"type":"binary-expr","locations":[{"start":{"line":106,"column":17},"end":{"line":106,"column":28}},{"start":{"line":106,"column":32},"end":{"line":106,"column":35}}]},"10":{"loc":{"start":{"line":112,"column":15},"end":{"line":112,"column":61}},"type":"binary-expr","locations":[{"start":{"line":112,"column":15},"end":{"line":112,"column":23}},{"start":{"line":112,"column":27},"end":{"line":112,"column":61}}]}},"s":{"0":1,"1":1,"2":1,"3":1,"4":6,"5":6,"6":0,"7":6,"8":5,"9":1,"10":6,"11":6,"12":6,"13":6,"14":1,"15":5,"16":1,"17":1,"18":5,"19":5,"20":5,"21":6,"22":6,"23":6,"24":1,"25":1},"f":{"0":6,"1":6,"2":6,"3":6,"4":1,"5":5,"6":1},"b":{"0":[6],"1":[6],"2":[6],"3":[0],"4":[5,1],"5":[1],"6":[6,6],"7":[1],"8":[6,5],"9":[5,5],"10":[5,0]}}
,"/Users/alanarias/Desktop/Coding Projects/ChickletUIComponentLibrary/chicklet-ui-component-library/src/components/Drawer/TopDrawer/index.ts": {"path":"/Users/alanarias/Desktop/Coding Projects/ChickletUIComponentLibrary/chicklet-ui-component-library/src/components/Drawer/TopDrawer/index.ts","statementMap":{"0":{"start":{"line":1,"column":0},"end":{"line":1,"column":9}},"1":{"start":{"line":1,"column":9},"end":{"line":1,"column":38}},"2":{"start":{"line":2,"column":0},"end":{"line":2,"column":28}}},"fnMap":{"0":{"name":"(anonymous_5)","decl":{"start":{"line":1,"column":9},"end":{"line":1,"column":16}},"loc":{"start":{"line":1,"column":9},"end":{"line":1,"column":38}}}},"branchMap":{},"s":{"0":1,"1":7,"2":1},"f":{"0":6},"b":{}}
}
