TN:
SF:src/components/Accordion/SingleActiveAccordion/SingleActiveAccordion.tsx
FN:17,(anonymous_0)
FN:26,(anonymous_1)
FN:27,(anonymous_2)
FN:29,(anonymous_3)
FN:38,(anonymous_4)
FN:46,(anonymous_5)
FNF:6
FNH:5
FNDA:15,(anonymous_0)
FNDA:9,(anonymous_1)
FNDA:9,(anonymous_2)
FNDA:0,(anonymous_3)
FNDA:45,(anonymous_4)
FNDA:9,(anonymous_5)
DA:1,1
DA:2,1
DA:17,1
DA:24,15
DA:26,15
DA:27,9
DA:28,9
DA:29,2
DA:31,7
DA:36,15
DA:39,45
DA:41,45
DA:46,9
DA:68,1
LF:14
LH:14
BRDA:19,0,0,12
BRDA:20,1,0,15
BRDA:21,2,0,15
BRDA:22,3,0,15
BRDA:28,4,0,2
BRDA:28,4,1,7
BRDA:29,5,0,0
BRDA:29,5,1,2
BRDA:31,6,0,2
BRDA:31,6,1,5
BRDA:50,7,0,8
BRDA:50,7,1,37
BRDA:56,8,0,8
BRDA:56,8,1,37
BRF:14
BRH:13
end_of_record
TN:
SF:src/components/Accordion/SingleActiveAccordion/index.ts
FN:1,(anonymous_5)
FNF:1
FNH:1
FNDA:6,(anonymous_5)
DA:1,7
DA:2,1
LF:2
LH:2
BRF:0
BRH:0
end_of_record
TN:
SF:src/components/Drawer/BottomDrawer/BottomDrawer.tsx
FN:18,(anonymous_0)
FN:27,(anonymous_1)
FN:36,(anonymous_2)
FN:41,(anonymous_3)
FN:44,(anonymous_4)
FN:52,(anonymous_5)
FN:97,(anonymous_6)
FNF:7
FNH:7
FNDA:6,(anonymous_0)
FNDA:6,(anonymous_1)
FNDA:6,(anonymous_2)
FNDA:6,(anonymous_3)
FNDA:1,(anonymous_4)
FNDA:5,(anonymous_5)
FNDA:1,(anonymous_6)
DA:3,1
DA:4,1
DA:6,1
DA:18,1
DA:27,6
DA:28,6
DA:30,6
DA:31,5
DA:33,1
DA:36,6
DA:37,6
DA:41,6
DA:42,6
DA:44,5
DA:45,1
DA:46,1
DA:50,5
DA:52,5
DA:53,5
DA:57,6
DA:63,6
DA:69,6
DA:97,1
DA:121,1
LF:24
LH:24
BRDA:21,0,0,6
BRDA:22,1,0,6
BRDA:23,2,0,6
BRDA:28,3,0,0
BRDA:30,4,0,5
BRDA:30,4,1,1
BRDA:42,5,0,1
BRDA:42,6,0,6
BRDA:42,6,1,6
BRDA:45,7,0,1
BRDA:71,8,0,6
BRDA:71,8,1,5
BRDA:106,9,0,5
BRDA:106,9,1,5
BRDA:112,10,0,5
BRDA:112,10,1,0
BRF:16
BRH:14
end_of_record
TN:
SF:src/components/Drawer/BottomDrawer/index.ts
FN:1,(anonymous_5)
FNF:1
FNH:1
FNDA:6,(anonymous_5)
DA:1,7
DA:2,1
LF:2
LH:2
BRF:0
BRH:0
end_of_record
TN:
SF:src/components/Drawer/TopDrawer/TopDrawer.tsx
FN:18,(anonymous_0)
FN:27,(anonymous_1)
FN:36,(anonymous_2)
FN:42,(anonymous_3)
FN:45,(anonymous_4)
FN:52,(anonymous_5)
FN:97,(anonymous_6)
FNF:7
FNH:7
FNDA:6,(anonymous_0)
FNDA:6,(anonymous_1)
FNDA:6,(anonymous_2)
FNDA:6,(anonymous_3)
FNDA:1,(anonymous_4)
FNDA:5,(anonymous_5)
FNDA:1,(anonymous_6)
DA:3,1
DA:4,1
DA:6,1
DA:18,1
DA:27,6
DA:28,6
DA:30,6
DA:31,5
DA:33,1
DA:36,6
DA:37,6
DA:42,6
DA:43,6
DA:45,5
DA:46,1
DA:47,1
DA:51,5
DA:52,5
DA:53,5
DA:57,6
DA:63,6
DA:69,6
DA:97,1
DA:121,1
LF:24
LH:24
BRDA:21,0,0,6
BRDA:22,1,0,6
BRDA:23,2,0,6
BRDA:28,3,0,0
BRDA:30,4,0,5
BRDA:30,4,1,1
BRDA:43,5,0,1
BRDA:43,6,0,6
BRDA:43,6,1,6
BRDA:46,7,0,1
BRDA:71,8,0,6
BRDA:71,8,1,5
BRDA:106,9,0,5
BRDA:106,9,1,5
BRDA:112,10,0,5
BRDA:112,10,1,0
BRF:16
BRH:14
end_of_record
TN:
SF:src/components/Drawer/TopDrawer/index.ts
FN:1,(anonymous_5)
FNF:1
FNH:1
FNDA:6,(anonymous_5)
DA:1,7
DA:2,1
LF:2
LH:2
BRF:0
BRH:0
end_of_record
