TN:
SF:src/components/Drawer/BottomDrawer/BottomDrawer.tsx
FN:16,(anonymous_0)
FN:25,(anonymous_1)
FN:34,(anonymous_2)
FN:39,(anonymous_3)
FN:42,(anonymous_4)
FN:50,(anonymous_5)
FN:97,(anonymous_6)
FNF:7
FNH:7
FNDA:6,(anonymous_0)
FNDA:6,(anonymous_1)
FNDA:6,(anonymous_2)
FNDA:6,(anonymous_3)
FNDA:1,(anonymous_4)
FNDA:5,(anonymous_5)
FNDA:1,(anonymous_6)
DA:1,1
DA:2,1
DA:4,1
DA:16,1
DA:25,6
DA:26,6
DA:28,6
DA:29,5
DA:31,1
DA:34,6
DA:35,6
DA:39,6
DA:40,6
DA:42,5
DA:43,1
DA:44,1
DA:48,5
DA:50,5
DA:51,5
DA:56,6
DA:62,6
DA:68,6
DA:97,1
DA:121,1
LF:24
LH:24
BRDA:19,0,0,6
BRDA:20,1,0,6
BRDA:21,2,0,6
BRDA:26,3,0,0
BRDA:28,4,0,5
BRDA:28,4,1,1
BRDA:40,5,0,1
BRDA:40,6,0,6
BRDA:40,6,1,6
BRDA:43,7,0,1
BRDA:70,8,0,6
BRDA:70,8,1,5
BRDA:106,9,0,5
BRDA:106,9,1,5
BRDA:112,10,0,5
BRDA:112,10,1,0
BRF:16
BRH:14
end_of_record
TN:
SF:src/components/Drawer/BottomDrawer/index.ts
FN:1,(anonymous_5)
FNF:1
FNH:1
FNDA:6,(anonymous_5)
DA:1,7
DA:2,1
LF:2
LH:2
BRF:0
BRH:0
end_of_record
